2024-11-30 10:39:31,451 - __main__ - INFO - 等待用户输入文本...
2024-11-30 10:39:48,785 - __main__ - INFO - 开始处理文本...
2024-11-30 10:39:48,786 - text_structurizer - INFO - 开始处理文本...
2024-11-30 10:39:48,786 - text_structurizer - INFO - 文本已分割为 1 个块
2024-11-30 10:39:48,865 - text_structurizer - INFO - 处理第一个文本块，创建文档结构...
2024-11-30 10:40:09,865 - httpx - INFO - HTTP Request: POST https://api.bianxie.ai/v1/chat/completions "HTTP/1.1 200 OK"
2024-11-30 10:40:09,880 - text_structurizer - INFO - 文本处理完成
2024-11-30 10:40:09,880 - __main__ - INFO - 文本处理完成
2024-11-30 10:41:00,848 - __main__ - INFO - 等待用户输入文本...
2024-11-30 10:41:05,588 - __main__ - INFO - 开始处理文本...
2024-11-30 10:41:05,589 - text_structurizer - INFO - 开始处理文本...
2024-11-30 10:41:05,589 - text_structurizer - INFO - 文本已分割为 1 个块
2024-11-30 10:41:05,622 - text_structurizer - INFO - 处理第一个文本块，创建文档结构...
2024-11-30 10:41:16,392 - httpx - INFO - HTTP Request: POST https://api.bianxie.ai/v1/chat/completions "HTTP/1.1 200 OK"
2024-11-30 10:41:16,407 - text_structurizer - INFO - 文本处理完成
2024-11-30 10:41:16,407 - __main__ - INFO - 文本处理完成
2024-11-30 10:49:23,621 - __main__ - INFO - 等待用户输入文本...
2024-11-30 10:49:37,869 - __main__ - INFO - 开始处理文本...
2024-11-30 10:49:37,871 - text_structurizer - INFO - 开始处理文本...
2024-11-30 10:49:37,872 - text_structurizer - INFO - 检测到文档最高标题层级为 3
2024-11-30 10:49:37,872 - text_structurizer - INFO - 将使用 3 级标题作为最高层级
2024-11-30 10:49:37,872 - text_structurizer - INFO - 文本已分割为 1 个块
2024-11-30 10:49:37,908 - text_structurizer - INFO - 处理第一个文本块，从3级标题开始创建文档结构...
2024-11-30 10:49:51,843 - httpx - INFO - HTTP Request: POST https://api.bianxie.ai/v1/chat/completions "HTTP/1.1 200 OK"
2024-11-30 10:49:51,857 - text_structurizer - INFO - 文本处理完成
2024-11-30 10:49:51,858 - __main__ - INFO - 文本处理完成
2024-11-30 10:57:15,978 - __main__ - INFO - 等待用户输入文本...
2024-11-30 10:57:23,918 - __main__ - INFO - 开始处理文本...
2024-11-30 10:57:23,919 - text_structurizer - INFO - 开始处理文本...
2024-11-30 10:57:23,922 - text_structurizer - INFO - 检测到文档最高标题层级为 3
2024-11-30 10:57:23,922 - text_structurizer - INFO - 将使用 3 级标题作为最高层级
2024-11-30 10:57:23,923 - text_structurizer - INFO - 文本已分割为 1 个块
2024-11-30 10:57:23,955 - text_structurizer - INFO - 处理第一个文本块，从3级标题开始创建文档结构...
2024-11-30 10:57:41,528 - httpx - INFO - HTTP Request: POST https://api.bianxie.ai/v1/chat/completions "HTTP/1.1 200 OK"
2024-11-30 10:57:41,543 - text_structurizer - INFO - 文本处理完成
2024-11-30 10:57:41,543 - __main__ - INFO - 文本处理完成
2024-11-30 11:02:04,283 - __main__ - INFO - 等待用户输入文本...
2024-11-30 11:02:14,970 - __main__ - INFO - 开始处理文本...
2024-11-30 11:02:14,972 - text_structurizer - INFO - 开始处理文本...
2024-11-30 11:02:14,973 - text_structurizer - INFO - 文本已分割为 5 个块
2024-11-30 11:02:15,006 - text_structurizer - INFO - 处理第一个文本块，创建文档结构...
2024-11-30 11:02:41,464 - httpx - INFO - HTTP Request: POST https://api.bianxie.ai/v1/chat/completions "HTTP/1.1 200 OK"
2024-11-30 11:02:41,482 - text_structurizer - INFO - 处理后续文本块，保持结构一致...
2024-11-30 11:02:52,420 - httpx - INFO - HTTP Request: POST https://api.bianxie.ai/v1/chat/completions "HTTP/1.1 200 OK"
2024-11-30 11:02:52,424 - text_structurizer - INFO - 处理后续文本块，保持结构一致...
2024-11-30 11:02:57,057 - httpx - INFO - HTTP Request: POST https://api.bianxie.ai/v1/chat/completions "HTTP/1.1 200 OK"
2024-11-30 11:02:57,061 - text_structurizer - INFO - 处理后续文本块，保持结构一致...
2024-11-30 11:03:03,956 - httpx - INFO - HTTP Request: POST https://api.bianxie.ai/v1/chat/completions "HTTP/1.1 200 OK"
2024-11-30 11:03:03,960 - text_structurizer - INFO - 处理后续文本块，保持结构一致...
2024-11-30 11:03:15,245 - httpx - INFO - HTTP Request: POST https://api.bianxie.ai/v1/chat/completions "HTTP/1.1 200 OK"
2024-11-30 11:03:15,250 - text_structurizer - INFO - 合并处理结果...
2024-11-30 11:04:02,213 - httpx - INFO - HTTP Request: POST https://api.bianxie.ai/v1/chat/completions "HTTP/1.1 200 OK"
2024-11-30 11:04:02,217 - text_structurizer - INFO - 文本处理完成
2024-11-30 11:04:02,219 - __main__ - INFO - 文本处理完成
2024-11-30 11:14:32,471 - __main__ - INFO - 等待用户输入文本...
2024-11-30 11:14:59,122 - __main__ - INFO - 开始处理文本...
2024-11-30 11:14:59,124 - text_structurizer - INFO - 开始处理文本...
2024-11-30 11:14:59,125 - text_structurizer - INFO - 文本已分割为 9 个块
2024-11-30 11:14:59,159 - text_structurizer - INFO - 处理第一个文本块，创建文档结构...
2024-11-30 11:15:19,219 - httpx - INFO - HTTP Request: POST https://api.bianxie.ai/v1/chat/completions "HTTP/1.1 200 OK"
2024-11-30 11:15:19,233 - text_structurizer - INFO - 处理后续文本块，保持结构一致...
2024-11-30 11:15:31,081 - httpx - INFO - HTTP Request: POST https://api.bianxie.ai/v1/chat/completions "HTTP/1.1 200 OK"
2024-11-30 11:15:31,088 - text_structurizer - INFO - 处理后续文本块，保持结构一致...
2024-11-30 11:15:36,617 - httpx - INFO - HTTP Request: POST https://api.bianxie.ai/v1/chat/completions "HTTP/1.1 200 OK"
2024-11-30 11:15:36,623 - text_structurizer - INFO - 处理后续文本块，保持结构一致...
2024-11-30 11:16:00,545 - httpx - INFO - HTTP Request: POST https://api.bianxie.ai/v1/chat/completions "HTTP/1.1 200 OK"
2024-11-30 11:16:00,549 - text_structurizer - INFO - 处理后续文本块，保持结构一致...
2024-11-30 11:16:23,280 - httpx - INFO - HTTP Request: POST https://api.bianxie.ai/v1/chat/completions "HTTP/1.1 200 OK"
2024-11-30 11:16:23,284 - text_structurizer - INFO - 处理后续文本块，保持结构一致...
2024-11-30 11:16:53,779 - httpx - INFO - HTTP Request: POST https://api.bianxie.ai/v1/chat/completions "HTTP/1.1 200 OK"
2024-11-30 11:16:53,785 - text_structurizer - INFO - 处理后续文本块，保持结构一致...
2024-11-30 11:17:18,086 - httpx - INFO - HTTP Request: POST https://api.bianxie.ai/v1/chat/completions "HTTP/1.1 200 OK"
2024-11-30 11:17:18,090 - text_structurizer - INFO - 处理后续文本块，保持结构一致...
2024-11-30 11:17:53,456 - httpx - INFO - HTTP Request: POST https://api.bianxie.ai/v1/chat/completions "HTTP/1.1 200 OK"
2024-11-30 11:17:53,460 - text_structurizer - INFO - 处理后续文本块，保持结构一致...
2024-11-30 11:18:06,422 - httpx - INFO - HTTP Request: POST https://api.bianxie.ai/v1/chat/completions "HTTP/1.1 200 OK"
2024-11-30 11:18:06,428 - text_structurizer - INFO - 合并处理结果...
2024-11-30 11:18:06,428 - text_structurizer - INFO - 开始合并处理结果...
2024-11-30 11:18:06,429 - text_structurizer - INFO - 文本合并完成
2024-11-30 11:18:06,429 - text_structurizer - INFO - 文本处理完成
2024-11-30 11:18:06,432 - __main__ - INFO - 文本处理完成
2024-11-30 11:52:55,974 - __main__ - INFO - 等待用户输入文本...
2024-11-30 11:53:16,999 - __main__ - INFO - 开始章节分割...
2024-11-30 11:53:17,001 - section_splitter - INFO - 开始按章节分割文本...
2024-11-30 11:53:17,003 - section_splitter - INFO - 文本已分割为 1 个章节
2024-11-30 11:53:17,003 - __main__ - INFO - 处理完成
2024-11-30 11:53:23,168 - __main__ - INFO - 等待用户输入文本...
2024-11-30 11:53:55,068 - __main__ - INFO - 开始文本整理...
2024-11-30 11:53:55,069 - text_structurizer - INFO - 开始处理文本...
2024-11-30 11:53:55,069 - text_structurizer - ERROR - 处理文本时发生错误: 'TextStructurizer' object has no attribute 'split_text'
2024-11-30 11:53:55,069 - __main__ - ERROR - 程序执行出错: 'TextStructurizer' object has no attribute 'split_text'
2024-11-30 11:54:49,702 - __main__ - INFO - 等待用户输入文本...
2024-11-30 11:55:00,538 - __main__ - INFO - 开始文本整理...
2024-11-30 11:55:00,540 - text_structurizer - INFO - 开始处理文本...
2024-11-30 11:55:00,540 - text_structurizer - INFO - 文本已分割为 1 个块
2024-11-30 11:55:00,577 - text_structurizer - INFO - 处理第一个文本块，创建文档结构...
2024-11-30 11:55:14,594 - httpx - INFO - HTTP Request: POST https://api.bianxie.ai/v1/chat/completions "HTTP/1.1 200 OK"
2024-11-30 11:55:14,610 - text_structurizer - INFO - 文本处理完成
2024-11-30 11:55:14,614 - __main__ - INFO - 开始章节分割...
2024-11-30 11:55:14,614 - section_splitter - INFO - 开始按章节分割文本...
2024-11-30 11:55:14,614 - section_splitter - INFO - 文本已分割为 3 个章节
2024-11-30 11:55:14,614 - __main__ - INFO - 处理完成
2024-11-30 11:57:50,766 - __main__ - INFO - 等待用户输入文本...
2024-11-30 11:58:02,463 - __main__ - INFO - 开始章节分割...
2024-11-30 11:58:02,464 - section_splitter - INFO - 开始按章节分割文本...
2024-11-30 11:58:02,466 - section_splitter - INFO - 文本已分割为 7 个章节
2024-11-30 11:58:02,467 - __main__ - INFO - 处理完成
2024-11-30 12:01:25,083 - __main__ - INFO - 等待用户输入文本...
2024-11-30 12:01:37,424 - __main__ - INFO - 开始章节分割...
2024-11-30 12:01:37,426 - section_splitter - INFO - 开始按章节分割文本...
2024-11-30 12:01:37,429 - section_splitter - INFO - 文本已分割为 8 个章节
2024-11-30 12:01:37,430 - __main__ - INFO - 处理完成
2024-11-30 15:44:41,529 - __main__ - INFO - 等待用户输入文本...
2024-11-30 15:48:43,587 - __main__ - INFO - 开始文本整理...
2024-11-30 15:48:43,603 - text_structurizer - INFO - 开始处理文本...
2024-11-30 15:48:43,605 - text_structurizer - INFO - 文本已分割为 6 个块
2024-11-30 15:48:43,727 - text_structurizer - INFO - 处理第一个文本块，创建文档结构...
2024-11-30 15:49:01,196 - httpx - INFO - HTTP Request: POST https://api.bianxie.ai/v1/chat/completions "HTTP/1.1 200 OK"
2024-11-30 15:49:01,230 - text_structurizer - INFO - 处理后续文本块，保持结构一致...
2024-11-30 15:49:17,563 - httpx - INFO - HTTP Request: POST https://api.bianxie.ai/v1/chat/completions "HTTP/1.1 200 OK"
2024-11-30 15:49:17,569 - text_structurizer - INFO - 处理后续文本块，保持结构一致...
2024-11-30 15:49:24,496 - httpx - INFO - HTTP Request: POST https://api.bianxie.ai/v1/chat/completions "HTTP/1.1 200 OK"
2024-11-30 15:49:24,499 - text_structurizer - INFO - 处理后续文本块，保持结构一致...
2024-11-30 15:49:52,098 - httpx - INFO - HTTP Request: POST https://api.bianxie.ai/v1/chat/completions "HTTP/1.1 200 OK"
2024-11-30 15:49:52,105 - text_structurizer - INFO - 处理后续文本块，保持结构一致...
2024-11-30 15:50:22,047 - httpx - INFO - HTTP Request: POST https://api.bianxie.ai/v1/chat/completions "HTTP/1.1 200 OK"
2024-11-30 15:50:22,054 - text_structurizer - INFO - 处理后续文本块，保持结构一致...
2024-11-30 15:50:26,777 - httpx - INFO - HTTP Request: POST https://api.bianxie.ai/v1/chat/completions "HTTP/1.1 200 OK"
2024-11-30 15:50:26,782 - text_structurizer - INFO - 合并处理结果...
2024-11-30 15:50:26,782 - text_structurizer - INFO - 开始合并处理结果...
2024-11-30 15:50:26,784 - text_structurizer - INFO - 文本合并完成
2024-11-30 15:50:26,784 - text_structurizer - INFO - 文本处理完成
2024-11-30 15:50:26,785 - __main__ - INFO - 开始章节分割...
2024-11-30 15:50:26,786 - section_splitter - INFO - 开始按章节分割文本...
2024-11-30 15:50:26,788 - section_splitter - INFO - 文本已分割为 42 个章节
2024-11-30 15:50:26,797 - __main__ - INFO - 处理完成
2024-11-30 15:53:37,422 - __main__ - INFO - 等待用户输入文本...
2024-11-30 15:53:55,693 - __main__ - INFO - 开始文本整理...
2024-11-30 15:53:55,695 - text_structurizer - INFO - 开始处理文本...
2024-11-30 15:53:55,695 - text_structurizer - INFO - 文本已分割为 1 个块
2024-11-30 15:53:55,735 - text_structurizer - INFO - 处理第一个文本块，创建文档结构...
2024-11-30 15:54:09,352 - httpx - INFO - HTTP Request: POST https://api.bianxie.ai/v1/chat/completions "HTTP/1.1 200 OK"
2024-11-30 15:54:09,375 - text_structurizer - INFO - 文本处理完成
2024-11-30 15:54:09,375 - __main__ - INFO - 开始章节分割...
2024-11-30 15:54:09,375 - section_splitter - INFO - 开始按章节分割文本...
2024-11-30 15:54:09,375 - section_splitter - INFO - 文本已分割为 8 个章节
2024-11-30 15:54:09,376 - __main__ - INFO - 处理完成
2024-11-30 16:03:28,006 - __main__ - INFO - 等待用户输入文本...
2024-11-30 16:04:06,168 - __main__ - INFO - 开始文本整理...
2024-11-30 16:04:06,172 - text_structurizer - INFO - 开始处理文本...
2024-11-30 16:04:06,174 - text_structurizer - INFO - 文本已分割为 6 个块
2024-11-30 16:04:06,227 - text_structurizer - INFO - 处理第一个文本块，创建文档结构...
2024-11-30 16:04:34,942 - httpx - INFO - HTTP Request: POST https://api.bianxie.ai/v1/chat/completions "HTTP/1.1 200 OK"
2024-11-30 16:04:34,963 - text_structurizer - INFO - 处理后续文本块，保持结构一致...
2024-11-30 16:04:54,066 - httpx - INFO - HTTP Request: POST https://api.bianxie.ai/v1/chat/completions "HTTP/1.1 200 OK"
2024-11-30 16:04:54,071 - text_structurizer - INFO - 处理后续文本块，保持结构一致...
2024-11-30 16:05:10,925 - httpx - INFO - HTTP Request: POST https://api.bianxie.ai/v1/chat/completions "HTTP/1.1 200 OK"
2024-11-30 16:05:10,931 - text_structurizer - INFO - 处理后续文本块，保持结构一致...
2024-11-30 16:05:32,534 - httpx - INFO - HTTP Request: POST https://api.bianxie.ai/v1/chat/completions "HTTP/1.1 200 OK"
2024-11-30 16:05:32,539 - text_structurizer - INFO - 处理后续文本块，保持结构一致...
2024-11-30 16:05:56,830 - httpx - INFO - HTTP Request: POST https://api.bianxie.ai/v1/chat/completions "HTTP/1.1 200 OK"
2024-11-30 16:05:56,836 - text_structurizer - INFO - 处理后续文本块，保持结构一致...
2024-11-30 16:06:06,865 - httpx - INFO - HTTP Request: POST https://api.bianxie.ai/v1/chat/completions "HTTP/1.1 200 OK"
2024-11-30 16:06:06,872 - text_structurizer - INFO - 合并处理结果...
2024-11-30 16:06:06,872 - text_structurizer - INFO - 开始合并处理结果...
2024-11-30 16:06:06,873 - text_structurizer - INFO - 文本合并完成
2024-11-30 16:06:06,873 - text_structurizer - INFO - 文本处理完成
2024-11-30 16:06:06,876 - __main__ - INFO - 开始章节分割...
2024-11-30 16:06:06,876 - section_splitter - INFO - 开始按章节分割文本...
2024-11-30 16:06:06,879 - section_splitter - INFO - 文本已分割为 60 个章节
2024-11-30 16:06:06,885 - __main__ - INFO - 处理完成
2024-11-30 16:08:29,484 - __main__ - INFO - 等待用户输入文本...
2024-11-30 16:08:37,897 - __main__ - INFO - 开始文本整理...
2024-11-30 16:08:37,899 - text_structurizer - INFO - 开始处理文本...
2024-11-30 16:08:37,900 - text_structurizer - INFO - 文本已分割为 1 个块
2024-11-30 16:08:37,936 - text_structurizer - INFO - 处理第一个文本块，创建文档结构...
2024-11-30 16:09:00,929 - httpx - INFO - HTTP Request: POST https://api.bianxie.ai/v1/chat/completions "HTTP/1.1 200 OK"
2024-11-30 16:09:00,951 - text_structurizer - INFO - 文本处理完成
2024-11-30 16:09:00,952 - __main__ - INFO - 开始章节分割...
2024-11-30 16:09:00,952 - section_splitter - INFO - 开始按章节分割文本...
2024-11-30 16:09:00,953 - section_splitter - INFO - 文本已分割为 10 个章节
2024-11-30 16:09:00,954 - __main__ - INFO - 处理完成
2024-11-30 16:10:20,929 - __main__ - INFO - 等待用户输入文本...
2024-11-30 16:10:31,478 - __main__ - INFO - 开始章节分割...
2024-11-30 16:10:31,479 - section_splitter - INFO - 开始按章节分割文本...
2024-11-30 16:10:31,482 - section_splitter - INFO - 文本已分割为 3 个章节
2024-11-30 16:10:31,482 - __main__ - INFO - 处理完成
2024-11-30 16:12:23,605 - __main__ - INFO - 等待用户输入文本...
2024-11-30 16:12:31,528 - __main__ - INFO - 开始章节分割...
2024-11-30 16:12:31,529 - section_splitter - INFO - 开始按章节分割文本...
2024-11-30 16:12:31,532 - section_splitter - INFO - 文本已分割为 8 个章节
2024-11-30 16:12:31,535 - __main__ - INFO - 处理完成
